<?xml version="1.0" encoding="UTF-8"?>
<testng-results total="1" passed="1" failed="0" skipped="0">
  <reporter-output>
  </reporter-output>
  <suite started-at="2021-04-08T05:50:34Z" name="Default suite" finished-at="2021-04-08T05:50:38Z" duration-ms="3873">
    <groups>
    </groups>
    <test started-at="2021-04-08T05:50:34Z" name="Default test" finished-at="2021-04-08T05:50:38Z" duration-ms="3873">
      <class name="Testframework.Restassured.Username">
        <test-method signature="displayusername_tweet()[pri:0, instance:Testframework.Restassured.Username@59d4cd39]" started-at="2021-04-08T11:20:34Z" name="displayusername_tweet" finished-at="2021-04-08T11:20:38Z" duration-ms="3853" status="PASS">
          <reporter-output>
          </reporter-output>
        </test-method> <!-- displayusername_tweet -->
      </class> <!-- Testframework.Restassured.Username -->
    </test> <!-- Default test -->
  </suite> <!-- Default suite -->
</testng-results>
